
> introflo.io@0.1.0 dev
> next dev

 ⚠ Port 3000 is in use by process 67781, using available port 3001 instead.
   ▲ Next.js 15.5.6
   - Local:        http://localhost:3001
   - Network:      http://192.168.0.60:3001
   - Environments: .env.local

 ✓ Starting...
 ✓ Ready in 1458ms
 ✓ Compiled /middleware in 120ms (114 modules)
 ○ Compiling /waitlist ...
 ✓ Compiled /waitlist in 552ms (554 modules)
 HEAD /waitlist ✓ Compiled in 937ms (554 modules)
<w> [webpack.cache.PackFileCacheStrategy] Caching failed for pack: Error: ENOENT: no such file or directory, rename '/Users/snipergang/Desktop/Introflo.io GET /waitlist 200 in 362ms
 ✓ Compiled in 150ms (231 modules)
 ⚠ Fast Refresh had to perform a full reload. Read more: https://nextjs.org/d ✓ Compiled in 520ms (231 modules)
<w> [webpack.cache.PackF GET /waitlist 200 in 143ms
 GET /waitlist 200 in 39ms
 ✓ Compiled in 360ms (554 modules)
 ✓ Compiled in 599ms (568 modules)
 GET /waitlist 200 in 225ms
 GET /waitlist 200 in 43ms
 GET /waitlist 200 in 46ms
 GET /waitlist 200 in 43ms
 ✓ Compiled in 337ms (554 modules)
 ✓ Compiled in 241ms (568 modules)
 GET /waitlist 200 in 166ms
 GET /waitlist 200 in 41ms
 GET /waitlist 200 in 57ms
 ✓ Compiled in 307ms (554  ✓ Comp ✓ Compiled in 422ms (554 modules)
 GET /waitlist 200 in 173ms
 ✓ Compiled in 311ms (568 modules)
 ✓ Compiled in 224ms (568 modules)
<w> [webpack.cache.PackFileCacheStrategy] Caching failed for pack: Error: ENOENT: no such file or directory, rename '/Users/snipergang/Desktop/Introflo.io/.next/cache/webpack/client-development/0.pack.gz_' -> '/Users/snipergang/Desktop/Introflo.io/.next/cache/webpack/client-development/0.pack.gz'
<w> [webpack.cache.PackFileCacheStrategy] Caching failed for pack: Error: ENOENT: no such file or directory, rename '/Users/snipergang/Desktop/Introflo.io/.next/cache/webpack/server-development/0.pack.gz_' -> '/Users/snipergang/Desktop/Introflo.io/.next/cache/webpack/server-development/0.pack.gz'
 ✓ Compiled in 435ms (568 modules)
 ✓ Compiled in 285ms (568 modules)
 ✓ Compiled in 212ms (568 modules)
<w> [webpack.cache.PackFileCacheStrategy] Caching failed for pack: Error: ENOENT: no such file or directory, rename '/Users/snipergang/Desktop/Introflo.io/.next/cache/webpack/client-development/0.pack.gz_' -> '/Users/snipergang/Desktop/Introflo.io/.next/cache/webpack/client-development/0.pack.gz'
 ✓ Compiled in 604ms (568 modules)
 ✓ Compiled in 267ms (568 modules)
ms (568 modules)
 ⚠ Fast Refresh had to perform a full reload. Read more: https://nextjs.org/docs/messages/fast-refresh-reload
 GET /waitlist 200 in 82ms
 GET /waitlist 200 in 86ms
 GET /waitlist 200 in 67ms
 GET /waitlist 200 in 37ms
<w> [webpack.cache.PackFileCacheStrategy] Caching failed for pack: Error: ENOENT: no such file or directory, rename '/Users/snipergang/Desktop/Introflo.io/.next/cache/webpack/server-development/0.pack.gz_' -> '/Users/snipergang/Desktop/Introflo.io/.next/cache/webpack/server-development/0.pack.gz'
 GET /waitlist 200 in 133ms
 GET /waitlist 200 in 79ms
 GET /waitlist 200 in 71ms
 GET /waitlist 200 in 75ms
 GET /waitlist 200 in 145ms
 ✓ Compiled in 401ms (568 modules)
 GET /waitlist 200 in 223ms
 GET /waitlist 200 in 129ms
 GET /waitlist 200 in 49ms
 GET /waitlist 200 in 73ms
 GET /waitlist 200 in 39ms
 ✓ Compiled in 296ms (568 modules)
 GET /waitlist 200 in 73ms
 GET /waitlist 200 in 125ms
 GET /waitlist 200 in 40ms
<w> [webpack.cache.PackFileCacheStrategy] Caching failed for pack: Error: ENOENT: no such file or directory, rename '/Users/snipergang/Desktop/Introflo.io/.next/cache/webpack/server-development/0.pack.gz_' -> '/Users/snipergang/Desktop/Introflo.io/.next/cache/webpack/server-development/0.pack.gz'
 GET /waitlist 200 in 84ms
